<?xml version="1.0" encoding="UTF-8"?>
<!-- Generated by org.testng.reporters.JUnitReportReporter -->
<testsuite hostname="Vedants-MacBook-Air.local" failures="0" tests="21" name="com.testng.WebSiteTesting" time="74.385" errors="0" timestamp="2026-02-23T12:50:22 IST" skipped="0">
  <testcase classname="com.testng.WebSiteTesting" name="homepageValidation" time="5.039"/>
  <testcase classname="com.testng.WebSiteTesting" name="homepageValidation" time="1.507"/>
  <testcase classname="com.testng.WebSiteTesting" name="homepageValidation" time="2.863"/>
  <testcase classname="com.testng.WebSiteTesting" name="textInputForm" time="2.289"/>
  <testcase classname="com.testng.WebSiteTesting" name="textInputForm" time="3.880"/>
  <testcase classname="com.testng.WebSiteTesting" name="textInputForm" time="3.072"/>
  <testcase classname="com.testng.WebSiteTesting" name="radioAndCheckbox" time="3.226"/>
  <testcase classname="com.testng.WebSiteTesting" name="radioAndCheckbox" time="1.569"/>
  <testcase classname="com.testng.WebSiteTesting" name="radioAndCheckbox" time="2.837"/>
  <testcase classname="com.testng.WebSiteTesting" name="dropdownHandling" time="5.318"/>
  <testcase classname="com.testng.WebSiteTesting" name="dropdownHandling" time="7.749"/>
  <testcase classname="com.testng.WebSiteTesting" name="dropdownHandling" time="6.222"/>
  <testcase classname="com.testng.WebSiteTesting" name="alertHandling" time="6.710"/>
  <testcase classname="com.testng.WebSiteTesting" name="alertHandling" time="1.922"/>
  <testcase classname="com.testng.WebSiteTesting" name="alertHandling" time="3.194"/>
  <testcase classname="com.testng.WebSiteTesting" name="tableHandling" time="4.029"/>
  <testcase classname="com.testng.WebSiteTesting" name="tableHandling" time="3.330"/>
  <testcase classname="com.testng.WebSiteTesting" name="tableHandling" time="1.426"/>
  <testcase classname="com.testng.WebSiteTesting" name="dragAndDrop" time="3.749"/>
  <testcase classname="com.testng.WebSiteTesting" name="dragAndDrop" time="1.943"/>
  <testcase classname="com.testng.WebSiteTesting" name="dragAndDrop" time="2.511"/>
</testsuite> <!-- com.testng.WebSiteTesting -->
