<?xml version="1.0" encoding="UTF-8"?>
<testng-results ignored="0" total="21" passed="21" failed="0" skipped="0">
  <reporter-output>
  </reporter-output>
  <suite started-at="2026-02-23T12:49:51 IST" name="ParallelSuite" finished-at="2026-02-23T12:50:22 IST" duration-ms="30984">
    <groups>
    </groups>
    <test started-at="2026-02-23T12:49:51 IST" name="WebkitTest" finished-at="2026-02-23T12:50:07 IST" duration-ms="16011">
      <class name="com.testng.WebSiteTesting">
        <test-method is-config="true" signature="setup(java.lang.String)[pri:0, instance:com.testng.WebSiteTesting@670002]" started-at="2026-02-23T12:49:51 IST" name="setup" finished-at="2026-02-23T12:49:56 IST" duration-ms="5240" status="PASS">
          <params>
            <param index="0">
              <value>
                <![CDATA[webkit]]>
              </value>
            </param>
          </params>
          <reporter-output>
          </reporter-output>
        </test-method> <!-- setup -->
        <test-method signature="homepageValidation()[pri:1, instance:com.testng.WebSiteTesting@670002]" started-at="2026-02-23T12:49:56 IST" name="homepageValidation" finished-at="2026-02-23T12:49:57 IST" duration-ms="153" status="PASS">
          <reporter-output>
          </reporter-output>
        </test-method> <!-- homepageValidation -->
        <test-method is-config="true" signature="tearDown()[pri:0, instance:com.testng.WebSiteTesting@670002]" started-at="2026-02-23T12:49:57 IST" name="tearDown" finished-at="2026-02-23T12:49:57 IST" duration-ms="75" status="PASS">
          <reporter-output>
          </reporter-output>
        </test-method> <!-- tearDown -->
        <test-method is-config="true" signature="setup(java.lang.String)[pri:0, instance:com.testng.WebSiteTesting@670002]" started-at="2026-02-23T12:49:57 IST" name="setup" finished-at="2026-02-23T12:49:59 IST" duration-ms="1854" status="PASS">
          <params>
            <param index="0">
              <value>
                <![CDATA[webkit]]>
              </value>
            </param>
          </params>
          <reporter-output>
          </reporter-output>
        </test-method> <!-- setup -->
        <test-method signature="textInputForm()[pri:2, instance:com.testng.WebSiteTesting@670002]" started-at="2026-02-23T12:49:59 IST" name="textInputForm" finished-at="2026-02-23T12:49:59 IST" duration-ms="387" status="PASS">
          <reporter-output>
          </reporter-output>
        </test-method> <!-- textInputForm -->
        <test-method is-config="true" signature="tearDown()[pri:0, instance:com.testng.WebSiteTesting@670002]" started-at="2026-02-23T12:49:59 IST" name="tearDown" finished-at="2026-02-23T12:49:59 IST" duration-ms="64" status="PASS">
          <reporter-output>
          </reporter-output>
        </test-method> <!-- tearDown -->
        <test-method is-config="true" signature="setup(java.lang.String)[pri:0, instance:com.testng.WebSiteTesting@670002]" started-at="2026-02-23T12:49:59 IST" name="setup" finished-at="2026-02-23T12:50:01 IST" duration-ms="1728" status="PASS">
          <params>
            <param index="0">
              <value>
                <![CDATA[webkit]]>
              </value>
            </param>
          </params>
          <reporter-output>
          </reporter-output>
        </test-method> <!-- setup -->
        <test-method signature="radioAndCheckbox()[pri:3, instance:com.testng.WebSiteTesting@670002]" started-at="2026-02-23T12:50:01 IST" name="radioAndCheckbox" finished-at="2026-02-23T12:50:01 IST" duration-ms="142" status="PASS">
          <reporter-output>
          </reporter-output>
        </test-method> <!-- radioAndCheckbox -->
        <test-method is-config="true" signature="tearDown()[pri:0, instance:com.testng.WebSiteTesting@670002]" started-at="2026-02-23T12:50:01 IST" name="tearDown" finished-at="2026-02-23T12:50:01 IST" duration-ms="48" status="PASS">
          <reporter-output>
          </reporter-output>
        </test-method> <!-- tearDown -->
        <test-method is-config="true" signature="setup(java.lang.String)[pri:0, instance:com.testng.WebSiteTesting@670002]" started-at="2026-02-23T12:50:01 IST" name="setup" finished-at="2026-02-23T12:50:02 IST" duration-ms="1384" status="PASS">
          <params>
            <param index="0">
              <value>
                <![CDATA[webkit]]>
              </value>
            </param>
          </params>
          <reporter-output>
          </reporter-output>
        </test-method> <!-- setup -->
        <test-method signature="dropdownHandling()[pri:4, instance:com.testng.WebSiteTesting@670002]" started-at="2026-02-23T12:50:02 IST" name="dropdownHandling" finished-at="2026-02-23T12:50:02 IST" duration-ms="42" status="PASS">
          <reporter-output>
          </reporter-output>
        </test-method> <!-- dropdownHandling -->
        <test-method is-config="true" signature="tearDown()[pri:0, instance:com.testng.WebSiteTesting@670002]" started-at="2026-02-23T12:50:02 IST" name="tearDown" finished-at="2026-02-23T12:50:02 IST" duration-ms="43" status="PASS">
          <reporter-output>
          </reporter-output>
        </test-method> <!-- tearDown -->
        <test-method is-config="true" signature="setup(java.lang.String)[pri:0, instance:com.testng.WebSiteTesting@670002]" started-at="2026-02-23T12:50:02 IST" name="setup" finished-at="2026-02-23T12:50:04 IST" duration-ms="1303" status="PASS">
          <params>
            <param index="0">
              <value>
                <![CDATA[webkit]]>
              </value>
            </param>
          </params>
          <reporter-output>
          </reporter-output>
        </test-method> <!-- setup -->
        <test-method signature="alertHandling()[pri:5, instance:com.testng.WebSiteTesting@670002]" started-at="2026-02-23T12:50:04 IST" name="alertHandling" finished-at="2026-02-23T12:50:04 IST" duration-ms="652" status="PASS">
          <reporter-output>
          </reporter-output>
        </test-method> <!-- alertHandling -->
        <test-method is-config="true" signature="tearDown()[pri:0, instance:com.testng.WebSiteTesting@670002]" started-at="2026-02-23T12:50:04 IST" name="tearDown" finished-at="2026-02-23T12:50:04 IST" duration-ms="73" status="PASS">
          <reporter-output>
          </reporter-output>
        </test-method> <!-- tearDown -->
        <test-method is-config="true" signature="setup(java.lang.String)[pri:0, instance:com.testng.WebSiteTesting@670002]" started-at="2026-02-23T12:50:04 IST" name="setup" finished-at="2026-02-23T12:50:06 IST" duration-ms="1223" status="PASS">
          <params>
            <param index="0">
              <value>
                <![CDATA[webkit]]>
              </value>
            </param>
          </params>
          <reporter-output>
          </reporter-output>
        </test-method> <!-- setup -->
        <test-method signature="tableHandling()[pri:6, instance:com.testng.WebSiteTesting@670002]" started-at="2026-02-23T12:50:06 IST" name="tableHandling" finished-at="2026-02-23T12:50:06 IST" duration-ms="59" status="PASS">
          <reporter-output>
          </reporter-output>
        </test-method> <!-- tableHandling -->
        <test-method is-config="true" signature="tearDown()[pri:0, instance:com.testng.WebSiteTesting@670002]" started-at="2026-02-23T12:50:06 IST" name="tearDown" finished-at="2026-02-23T12:50:06 IST" duration-ms="47" status="PASS">
          <reporter-output>
          </reporter-output>
        </test-method> <!-- tearDown -->
        <test-method is-config="true" signature="setup(java.lang.String)[pri:0, instance:com.testng.WebSiteTesting@670002]" started-at="2026-02-23T12:50:06 IST" name="setup" finished-at="2026-02-23T12:50:07 IST" duration-ms="1281" status="PASS">
          <params>
            <param index="0">
              <value>
                <![CDATA[webkit]]>
              </value>
            </param>
          </params>
          <reporter-output>
          </reporter-output>
        </test-method> <!-- setup -->
        <test-method signature="dragAndDrop()[pri:7, instance:com.testng.WebSiteTesting@670002]" started-at="2026-02-23T12:50:07 IST" name="dragAndDrop" finished-at="2026-02-23T12:50:07 IST" duration-ms="140" status="PASS">
          <reporter-output>
          </reporter-output>
        </test-method> <!-- dragAndDrop -->
        <test-method is-config="true" signature="tearDown()[pri:0, instance:com.testng.WebSiteTesting@670002]" started-at="2026-02-23T12:50:07 IST" name="tearDown" finished-at="2026-02-23T12:50:07 IST" duration-ms="36" status="PASS">
          <reporter-output>
          </reporter-output>
        </test-method> <!-- tearDown -->
      </class> <!-- com.testng.WebSiteTesting -->
    </test> <!-- WebkitTest -->
    <test started-at="2026-02-23T12:49:51 IST" name="FirefoxTest" finished-at="2026-02-23T12:50:19 IST" duration-ms="27479">
      <class name="com.testng.WebSiteTesting">
        <test-method is-config="true" signature="setup(java.lang.String)[pri:0, instance:com.testng.WebSiteTesting@2b6faea6]" started-at="2026-02-23T12:49:51 IST" name="setup" finished-at="2026-02-23T12:49:58 IST" duration-ms="6742" status="PASS">
          <params>
            <param index="0">
              <value>
                <![CDATA[firefox]]>
              </value>
            </param>
          </params>
          <reporter-output>
          </reporter-output>
        </test-method> <!-- setup -->
        <test-method signature="homepageValidation()[pri:1, instance:com.testng.WebSiteTesting@2b6faea6]" started-at="2026-02-23T12:49:58 IST" name="homepageValidation" finished-at="2026-02-23T12:49:58 IST" duration-ms="156" status="PASS">
          <reporter-output>
          </reporter-output>
        </test-method> <!-- homepageValidation -->
        <test-method is-config="true" signature="tearDown()[pri:0, instance:com.testng.WebSiteTesting@2b6faea6]" started-at="2026-02-23T12:49:58 IST" name="tearDown" finished-at="2026-02-23T12:50:00 IST" duration-ms="1624" status="PASS">
          <reporter-output>
          </reporter-output>
        </test-method> <!-- tearDown -->
        <test-method is-config="true" signature="setup(java.lang.String)[pri:0, instance:com.testng.WebSiteTesting@2b6faea6]" started-at="2026-02-23T12:50:00 IST" name="setup" finished-at="2026-02-23T12:50:02 IST" duration-ms="2357" status="PASS">
          <params>
            <param index="0">
              <value>
                <![CDATA[firefox]]>
              </value>
            </param>
          </params>
          <reporter-output>
          </reporter-output>
        </test-method> <!-- setup -->
        <test-method signature="textInputForm()[pri:2, instance:com.testng.WebSiteTesting@2b6faea6]" started-at="2026-02-23T12:50:02 IST" name="textInputForm" finished-at="2026-02-23T12:50:03 IST" duration-ms="659" status="PASS">
          <reporter-output>
          </reporter-output>
        </test-method> <!-- textInputForm -->
        <test-method is-config="true" signature="tearDown()[pri:0, instance:com.testng.WebSiteTesting@2b6faea6]" started-at="2026-02-23T12:50:03 IST" name="tearDown" finished-at="2026-02-23T12:50:04 IST" duration-ms="1184" status="PASS">
          <reporter-output>
          </reporter-output>
        </test-method> <!-- tearDown -->
        <test-method is-config="true" signature="setup(java.lang.String)[pri:0, instance:com.testng.WebSiteTesting@2b6faea6]" started-at="2026-02-23T12:50:04 IST" name="setup" finished-at="2026-02-23T12:50:06 IST" duration-ms="2347" status="PASS">
          <params>
            <param index="0">
              <value>
                <![CDATA[firefox]]>
              </value>
            </param>
          </params>
          <reporter-output>
          </reporter-output>
        </test-method> <!-- setup -->
        <test-method signature="radioAndCheckbox()[pri:3, instance:com.testng.WebSiteTesting@2b6faea6]" started-at="2026-02-23T12:50:06 IST" name="radioAndCheckbox" finished-at="2026-02-23T12:50:07 IST" duration-ms="420" status="PASS">
          <reporter-output>
          </reporter-output>
        </test-method> <!-- radioAndCheckbox -->
        <test-method is-config="true" signature="tearDown()[pri:0, instance:com.testng.WebSiteTesting@2b6faea6]" started-at="2026-02-23T12:50:07 IST" name="tearDown" finished-at="2026-02-23T12:50:08 IST" duration-ms="970" status="PASS">
          <reporter-output>
          </reporter-output>
        </test-method> <!-- tearDown -->
        <test-method is-config="true" signature="setup(java.lang.String)[pri:0, instance:com.testng.WebSiteTesting@2b6faea6]" started-at="2026-02-23T12:50:08 IST" name="setup" finished-at="2026-02-23T12:50:10 IST" duration-ms="1893" status="PASS">
          <params>
            <param index="0">
              <value>
                <![CDATA[firefox]]>
              </value>
            </param>
          </params>
          <reporter-output>
          </reporter-output>
        </test-method> <!-- setup -->
        <test-method signature="dropdownHandling()[pri:4, instance:com.testng.WebSiteTesting@2b6faea6]" started-at="2026-02-23T12:50:10 IST" name="dropdownHandling" finished-at="2026-02-23T12:50:10 IST" duration-ms="37" status="PASS">
          <reporter-output>
          </reporter-output>
        </test-method> <!-- dropdownHandling -->
        <test-method is-config="true" signature="tearDown()[pri:0, instance:com.testng.WebSiteTesting@2b6faea6]" started-at="2026-02-23T12:50:10 IST" name="tearDown" finished-at="2026-02-23T12:50:10 IST" duration-ms="814" status="PASS">
          <reporter-output>
          </reporter-output>
        </test-method> <!-- tearDown -->
        <test-method is-config="true" signature="setup(java.lang.String)[pri:0, instance:com.testng.WebSiteTesting@2b6faea6]" started-at="2026-02-23T12:50:10 IST" name="setup" finished-at="2026-02-23T12:50:12 IST" duration-ms="1745" status="PASS">
          <params>
            <param index="0">
              <value>
                <![CDATA[firefox]]>
              </value>
            </param>
          </params>
          <reporter-output>
          </reporter-output>
        </test-method> <!-- setup -->
        <test-method signature="alertHandling()[pri:5, instance:com.testng.WebSiteTesting@2b6faea6]" started-at="2026-02-23T12:50:12 IST" name="alertHandling" finished-at="2026-02-23T12:50:12 IST" duration-ms="183" status="PASS">
          <reporter-output>
          </reporter-output>
        </test-method> <!-- alertHandling -->
        <test-method is-config="true" signature="tearDown()[pri:0, instance:com.testng.WebSiteTesting@2b6faea6]" started-at="2026-02-23T12:50:12 IST" name="tearDown" finished-at="2026-02-23T12:50:13 IST" duration-ms="802" status="PASS">
          <reporter-output>
          </reporter-output>
        </test-method> <!-- tearDown -->
        <test-method is-config="true" signature="setup(java.lang.String)[pri:0, instance:com.testng.WebSiteTesting@2b6faea6]" started-at="2026-02-23T12:50:13 IST" name="setup" finished-at="2026-02-23T12:50:15 IST" duration-ms="2004" status="PASS">
          <params>
            <param index="0">
              <value>
                <![CDATA[firefox]]>
              </value>
            </param>
          </params>
          <reporter-output>
          </reporter-output>
        </test-method> <!-- setup -->
        <test-method signature="tableHandling()[pri:6, instance:com.testng.WebSiteTesting@2b6faea6]" started-at="2026-02-23T12:50:15 IST" name="tableHandling" finished-at="2026-02-23T12:50:15 IST" duration-ms="48" status="PASS">
          <reporter-output>
          </reporter-output>
        </test-method> <!-- tableHandling -->
        <test-method is-config="true" signature="tearDown()[pri:0, instance:com.testng.WebSiteTesting@2b6faea6]" started-at="2026-02-23T12:50:15 IST" name="tearDown" finished-at="2026-02-23T12:50:16 IST" duration-ms="874" status="PASS">
          <reporter-output>
          </reporter-output>
        </test-method> <!-- tearDown -->
        <test-method is-config="true" signature="setup(java.lang.String)[pri:0, instance:com.testng.WebSiteTesting@2b6faea6]" started-at="2026-02-23T12:50:16 IST" name="setup" finished-at="2026-02-23T12:50:18 IST" duration-ms="1827" status="PASS">
          <params>
            <param index="0">
              <value>
                <![CDATA[firefox]]>
              </value>
            </param>
          </params>
          <reporter-output>
          </reporter-output>
        </test-method> <!-- setup -->
        <test-method signature="dragAndDrop()[pri:7, instance:com.testng.WebSiteTesting@2b6faea6]" started-at="2026-02-23T12:50:18 IST" name="dragAndDrop" finished-at="2026-02-23T12:50:18 IST" duration-ms="227" status="PASS">
          <reporter-output>
          </reporter-output>
        </test-method> <!-- dragAndDrop -->
        <test-method is-config="true" signature="tearDown()[pri:0, instance:com.testng.WebSiteTesting@2b6faea6]" started-at="2026-02-23T12:50:18 IST" name="tearDown" finished-at="2026-02-23T12:50:19 IST" duration-ms="539" status="PASS">
          <reporter-output>
          </reporter-output>
        </test-method> <!-- tearDown -->
      </class> <!-- com.testng.WebSiteTesting -->
    </test> <!-- FirefoxTest -->
    <test started-at="2026-02-23T12:49:51 IST" name="ChromiumTest" finished-at="2026-02-23T12:50:22 IST" duration-ms="30984">
      <class name="com.testng.WebSiteTesting">
        <test-method is-config="true" signature="setup(java.lang.String)[pri:0, instance:com.testng.WebSiteTesting@290d210d]" started-at="2026-02-23T12:49:51 IST" name="setup" finished-at="2026-02-23T12:49:57 IST" duration-ms="6134" status="PASS">
          <params>
            <param index="0">
              <value>
                <![CDATA[chromium]]>
              </value>
            </param>
          </params>
          <reporter-output>
          </reporter-output>
        </test-method> <!-- setup -->
        <test-method signature="homepageValidation()[pri:1, instance:com.testng.WebSiteTesting@290d210d]" started-at="2026-02-23T12:49:57 IST" name="homepageValidation" finished-at="2026-02-23T12:49:59 IST" duration-ms="1817" status="PASS">
          <reporter-output>
          </reporter-output>
        </test-method> <!-- homepageValidation -->
        <test-method is-config="true" signature="tearDown()[pri:0, instance:com.testng.WebSiteTesting@290d210d]" started-at="2026-02-23T12:49:59 IST" name="tearDown" finished-at="2026-02-23T12:49:59 IST" duration-ms="184" status="PASS">
          <reporter-output>
          </reporter-output>
        </test-method> <!-- tearDown -->
        <test-method is-config="true" signature="setup(java.lang.String)[pri:0, instance:com.testng.WebSiteTesting@290d210d]" started-at="2026-02-23T12:49:59 IST" name="setup" finished-at="2026-02-23T12:50:02 IST" duration-ms="3062" status="PASS">
          <params>
            <param index="0">
              <value>
                <![CDATA[chromium]]>
              </value>
            </param>
          </params>
          <reporter-output>
          </reporter-output>
        </test-method> <!-- setup -->
        <test-method signature="textInputForm()[pri:2, instance:com.testng.WebSiteTesting@290d210d]" started-at="2026-02-23T12:50:02 IST" name="textInputForm" finished-at="2026-02-23T12:50:03 IST" duration-ms="675" status="PASS">
          <reporter-output>
          </reporter-output>
        </test-method> <!-- textInputForm -->
        <test-method is-config="true" signature="tearDown()[pri:0, instance:com.testng.WebSiteTesting@290d210d]" started-at="2026-02-23T12:50:03 IST" name="tearDown" finished-at="2026-02-23T12:50:03 IST" duration-ms="316" status="PASS">
          <reporter-output>
          </reporter-output>
        </test-method> <!-- tearDown -->
        <test-method is-config="true" signature="setup(java.lang.String)[pri:0, instance:com.testng.WebSiteTesting@290d210d]" started-at="2026-02-23T12:50:03 IST" name="setup" finished-at="2026-02-23T12:50:06 IST" duration-ms="2906" status="PASS">
          <params>
            <param index="0">
              <value>
                <![CDATA[chromium]]>
              </value>
            </param>
          </params>
          <reporter-output>
          </reporter-output>
        </test-method> <!-- setup -->
        <test-method signature="radioAndCheckbox()[pri:3, instance:com.testng.WebSiteTesting@290d210d]" started-at="2026-02-23T12:50:06 IST" name="radioAndCheckbox" finished-at="2026-02-23T12:50:07 IST" duration-ms="440" status="PASS">
          <reporter-output>
          </reporter-output>
        </test-method> <!-- radioAndCheckbox -->
        <test-method is-config="true" signature="tearDown()[pri:0, instance:com.testng.WebSiteTesting@290d210d]" started-at="2026-02-23T12:50:07 IST" name="tearDown" finished-at="2026-02-23T12:50:07 IST" duration-ms="216" status="PASS">
          <reporter-output>
          </reporter-output>
        </test-method> <!-- tearDown -->
        <test-method is-config="true" signature="setup(java.lang.String)[pri:0, instance:com.testng.WebSiteTesting@290d210d]" started-at="2026-02-23T12:50:07 IST" name="setup" finished-at="2026-02-23T12:50:13 IST" duration-ms="6356" status="PASS">
          <params>
            <param index="0">
              <value>
                <![CDATA[chromium]]>
              </value>
            </param>
          </params>
          <reporter-output>
          </reporter-output>
        </test-method> <!-- setup -->
        <test-method signature="dropdownHandling()[pri:4, instance:com.testng.WebSiteTesting@290d210d]" started-at="2026-02-23T12:50:13 IST" name="dropdownHandling" finished-at="2026-02-23T12:50:13 IST" duration-ms="27" status="PASS">
          <reporter-output>
          </reporter-output>
        </test-method> <!-- dropdownHandling -->
        <test-method is-config="true" signature="tearDown()[pri:0, instance:com.testng.WebSiteTesting@290d210d]" started-at="2026-02-23T12:50:13 IST" name="tearDown" finished-at="2026-02-23T12:50:13 IST" duration-ms="80" status="PASS">
          <reporter-output>
          </reporter-output>
        </test-method> <!-- tearDown -->
        <test-method is-config="true" signature="setup(java.lang.String)[pri:0, instance:com.testng.WebSiteTesting@290d210d]" started-at="2026-02-23T12:50:13 IST" name="setup" finished-at="2026-02-23T12:50:16 IST" duration-ms="2317" status="PASS">
          <params>
            <param index="0">
              <value>
                <![CDATA[chromium]]>
              </value>
            </param>
          </params>
          <reporter-output>
          </reporter-output>
        </test-method> <!-- setup -->
        <test-method signature="alertHandling()[pri:5, instance:com.testng.WebSiteTesting@290d210d]" started-at="2026-02-23T12:50:16 IST" name="alertHandling" finished-at="2026-02-23T12:50:16 IST" duration-ms="170" status="PASS">
          <reporter-output>
          </reporter-output>
        </test-method> <!-- alertHandling -->
        <test-method is-config="true" signature="tearDown()[pri:0, instance:com.testng.WebSiteTesting@290d210d]" started-at="2026-02-23T12:50:16 IST" name="tearDown" finished-at="2026-02-23T12:50:16 IST" duration-ms="236" status="PASS">
          <reporter-output>
          </reporter-output>
        </test-method> <!-- tearDown -->
        <test-method is-config="true" signature="setup(java.lang.String)[pri:0, instance:com.testng.WebSiteTesting@290d210d]" started-at="2026-02-23T12:50:16 IST" name="setup" finished-at="2026-02-23T12:50:18 IST" duration-ms="2181" status="PASS">
          <params>
            <param index="0">
              <value>
                <![CDATA[chromium]]>
              </value>
            </param>
          </params>
          <reporter-output>
          </reporter-output>
        </test-method> <!-- setup -->
        <test-method signature="tableHandling()[pri:6, instance:com.testng.WebSiteTesting@290d210d]" started-at="2026-02-23T12:50:18 IST" name="tableHandling" finished-at="2026-02-23T12:50:18 IST" duration-ms="36" status="PASS">
          <reporter-output>
          </reporter-output>
        </test-method> <!-- tableHandling -->
        <test-method is-config="true" signature="tearDown()[pri:0, instance:com.testng.WebSiteTesting@290d210d]" started-at="2026-02-23T12:50:18 IST" name="tearDown" finished-at="2026-02-23T12:50:19 IST" duration-ms="232" status="PASS">
          <reporter-output>
          </reporter-output>
        </test-method> <!-- tearDown -->
        <test-method is-config="true" signature="setup(java.lang.String)[pri:0, instance:com.testng.WebSiteTesting@290d210d]" started-at="2026-02-23T12:50:19 IST" name="setup" finished-at="2026-02-23T12:50:22 IST" duration-ms="3077" status="PASS">
          <params>
            <param index="0">
              <value>
                <![CDATA[chromium]]>
              </value>
            </param>
          </params>
          <reporter-output>
          </reporter-output>
        </test-method> <!-- setup -->
        <test-method signature="dragAndDrop()[pri:7, instance:com.testng.WebSiteTesting@290d210d]" started-at="2026-02-23T12:50:22 IST" name="dragAndDrop" finished-at="2026-02-23T12:50:22 IST" duration-ms="436" status="PASS">
          <reporter-output>
          </reporter-output>
        </test-method> <!-- dragAndDrop -->
        <test-method is-config="true" signature="tearDown()[pri:0, instance:com.testng.WebSiteTesting@290d210d]" started-at="2026-02-23T12:50:22 IST" name="tearDown" finished-at="2026-02-23T12:50:22 IST" duration-ms="61" status="PASS">
          <reporter-output>
          </reporter-output>
        </test-method> <!-- tearDown -->
      </class> <!-- com.testng.WebSiteTesting -->
    </test> <!-- ChromiumTest -->
  </suite> <!-- ParallelSuite -->
</testng-results>
