<?xml version="1.0" encoding="UTF-8"?>
<testsuite xmlns:xsi="http://www.w3.org/2001/XMLSchema-instance" xsi:noNamespaceSchemaLocation="https://maven.apache.org/surefire/maven-surefire-plugin/xsd/surefire-test-report-3.0.xsd" version="3.0" name="TestSuite" time="31.202" tests="21" errors="0" skipped="0" failures="0">
  <properties>
[...]
</properties>
  <testcase name="homepageValidation" classname="com.testng.WebSiteTesting" time="0.156">
    <system-out><![CDATA[Browser Title: Try Testing This
]]></system-out>
    <system-err><![CDATA[SLF4J(W): No SLF4J providers were found.
SLF4J(W): Defaulting to no-operation (NOP) logger implementation
SLF4J(W): See https://www.slf4j.org/codes.html#noProviders for further details.
]]></system-err>
  </testcase>
  <testcase name="homepageValidation" classname="com.testng.WebSiteTesting" time="0.153">
    <system-out><![CDATA[Browser Title: Try Testing This
Browser Title: Try Testing This
]]></system-out>
  </testcase>
  <testcase name="homepageValidation" classname="com.testng.WebSiteTesting" time="0.61"/>
  <testcase name="textInputForm" classname="com.testng.WebSiteTesting" time="0.382">
    <system-out><![CDATA[Form Submitted Successfully
]]></system-out>
  </testcase>
  <testcase name="textInputForm" classname="com.testng.WebSiteTesting" time="0.343">
    <system-out><![CDATA[Form Submitted Successfully
]]></system-out>
  </testcase>
  <testcase name="textInputForm" classname="com.testng.WebSiteTesting" time="0.675">
    <system-out><![CDATA[Form Submitted Successfully
]]></system-out>
  </testcase>
  <testcase name="radioAndCheckbox" classname="com.testng.WebSiteTesting" time="0.141">
    <system-out><![CDATA[Radio & Checkbox Selected Successfully
]]></system-out>
  </testcase>
  <testcase name="radioAndCheckbox" classname="com.testng.WebSiteTesting" time="0.396">
    <system-out><![CDATA[Radio & Checkbox Selected Successfully
]]></system-out>
  </testcase>
  <testcase name="radioAndCheckbox" classname="com.testng.WebSiteTesting" time="0.439">
    <system-out><![CDATA[Radio & Checkbox Selected Successfully
]]></system-out>
  </testcase>
  <testcase name="dropdownHandling" classname="com.testng.WebSiteTesting" time="0.042">
    <system-out><![CDATA[Selected Option: option 2
]]></system-out>
  </testcase>
  <testcase name="dropdownHandling" classname="com.testng.WebSiteTesting" time="0.039">
    <system-out><![CDATA[Selected Option: option 2
]]></system-out>
  </testcase>
  <testcase name="dropdownHandling" classname="com.testng.WebSiteTesting" time="0.027">
    <system-out><![CDATA[Selected Option: option 2
]]></system-out>
  </testcase>
  <testcase name="alertHandling" classname="com.testng.WebSiteTesting" time="0.653">
    <system-out><![CDATA[Alert message: Press a button!
]]></system-out>
  </testcase>
  <testcase name="alertHandling" classname="com.testng.WebSiteTesting" time="0.182">
    <system-out><![CDATA[Alert message: Press a button!
]]></system-out>
  </testcase>
  <testcase name="alertHandling" classname="com.testng.WebSiteTesting" time="0.17">
    <system-out><![CDATA[Alert message: Press a button!
]]></system-out>
  </testcase>
  <testcase name="tableHandling" classname="com.testng.WebSiteTesting" time="0.058">
    <system-out><![CDATA[Total Rows: 7
Total Columns: 5
Firstname	Lastname	Gender	Age	Occupation
Monika	Geller	F	27	Chef
Pheobe	Buffay	F	27	Singer
Joey	Tribbiani	M	28	Actor
Chanandler	Bong	O	28	Transponster
Ross	Geller	M	29	Paleontogist
Rachel	Green	F	27	Personal Shopper
]]></system-out>
  </testcase>
  <testcase name="tableHandling" classname="com.testng.WebSiteTesting" time="0.048">
    <system-out><![CDATA[Total Rows: 7
Total Columns: 5
Firstname	Lastname	Gender	Age	Occupation
Monika	Geller	F	27	Chef
Pheobe	Buffay	F	27	Singer
Joey	Tribbiani	M	28	Actor
Chanandler	Bong	O	28	Transponster
Ross	Geller	M	29	Paleontogist
Rachel	Green	F	27	Personal Shopper
]]></system-out>
  </testcase>
  <testcase name="tableHandling" classname="com.testng.WebSiteTesting" time="0.036">
    <system-out><![CDATA[Total Rows: 7
Total Columns: 5
Firstname	Lastname	Gender	Age	Occupation
Monika	Geller	F	27	Chef
Pheobe	Buffay	F	27	Singer
Joey	Tribbiani	M	28	Actor
Chanandler	Bong	O	28	Transponster
Ross	Geller	M	29	Paleontogist
Rachel	Green	F	27	Personal Shopper
]]></system-out>
  </testcase>
  <testcase name="dragAndDrop" classname="com.testng.WebSiteTesting" time="0.141"/>
  <testcase name="dragAndDrop" classname="com.testng.WebSiteTesting" time="0.227"/>
  <testcase name="dragAndDrop" classname="com.testng.WebSiteTesting" time="0.437"/>
</testsuite>