<?xml version="1.0" encoding="UTF-8"?>
<!-- Generated by org.testng.reporters.JUnitXMLReporter -->
<testsuite ignored="0" hostname="Vedants-MacBook-Air.local" failures="0" tests="7" name="ChromiumTest" time="30.984" errors="0" timestamp="2026-02-23T12:50:22 IST">
  <testcase classname="com.testng.WebSiteTesting" name="homepageValidation" time="1.817"/>
  <testcase classname="com.testng.WebSiteTesting" name="textInputForm" time="0.675"/>
  <testcase classname="com.testng.WebSiteTesting" name="radioAndCheckbox" time="0.44"/>
  <testcase classname="com.testng.WebSiteTesting" name="dropdownHandling" time="0.027"/>
  <testcase classname="com.testng.WebSiteTesting" name="alertHandling" time="0.17"/>
  <testcase classname="com.testng.WebSiteTesting" name="tableHandling" time="0.036"/>
  <testcase classname="com.testng.WebSiteTesting" name="dragAndDrop" time="0.436"/>
</testsuite> <!-- ChromiumTest -->
