<?xml version="1.0" encoding="UTF-8"?>
<!-- Generated by org.testng.reporters.JUnitXMLReporter -->
<testsuite ignored="0" hostname="Vedants-MacBook-Air.local" failures="0" tests="7" name="FirefoxTest" time="27.479" errors="0" timestamp="2026-02-23T12:50:19 IST">
  <testcase classname="com.testng.WebSiteTesting" name="homepageValidation" time="0.156"/>
  <testcase classname="com.testng.WebSiteTesting" name="textInputForm" time="0.659"/>
  <testcase classname="com.testng.WebSiteTesting" name="radioAndCheckbox" time="0.42"/>
  <testcase classname="com.testng.WebSiteTesting" name="dropdownHandling" time="0.037"/>
  <testcase classname="com.testng.WebSiteTesting" name="alertHandling" time="0.183"/>
  <testcase classname="com.testng.WebSiteTesting" name="tableHandling" time="0.048"/>
  <testcase classname="com.testng.WebSiteTesting" name="dragAndDrop" time="0.227"/>
</testsuite> <!-- FirefoxTest -->
