<?xml version="1.0" encoding="UTF-8"?>
<!-- Generated by org.testng.reporters.JUnitXMLReporter -->
<testsuite ignored="0" hostname="Vedants-MacBook-Air.local" failures="0" tests="7" name="WebkitTest" time="16.011" errors="0" timestamp="2026-02-23T12:50:07 IST">
  <testcase classname="com.testng.WebSiteTesting" name="homepageValidation" time="0.153"/>
  <testcase classname="com.testng.WebSiteTesting" name="textInputForm" time="0.387"/>
  <testcase classname="com.testng.WebSiteTesting" name="radioAndCheckbox" time="0.142"/>
  <testcase classname="com.testng.WebSiteTesting" name="dropdownHandling" time="0.042"/>
  <testcase classname="com.testng.WebSiteTesting" name="alertHandling" time="0.652"/>
  <testcase classname="com.testng.WebSiteTesting" name="tableHandling" time="0.059"/>
  <testcase classname="com.testng.WebSiteTesting" name="dragAndDrop" time="0.14"/>
</testsuite> <!-- WebkitTest -->
